Diagnostic reaction matrix for CRUMPET run in /Users/kevin/PycharmProjects/Vibr_mod_effective_rates on 2024-03-25 17:05:46



======== H2(n=X1,v=1) ========
H2(n=X1,v=1) DEPLETION:
                 ['-1*H2VIBR_OR_2.1v0*[ne]', '-1*H2VIBR_OR_2.1v2*[ne]', '+1*H2VIBR_OR_2.2v1*[ne]', '-1*H2VIBR_OR_2.1l1*[ne]', '-1*H2VIBR_OR_2.1l4*[ne]', '-1*H2VIBR_2.1q6*[ni]', '-1*H2VIBR_2.1l4*[ne]']
H2(n=X1,v=1) EXTERNAL SOURCE:
                 ['+1*H2VIBR_OR_2.0v1*[ne]']



======== H2(n=X1,v=2) ========
H2(n=X1,v=2) DEPLETION:
                 ['+1*H2VIBR_OR_2.1v2*[ne]', '-1*H2VIBR_OR_2.2v1*[ne]', '-1*H2VIBR_OR_2.2v3*[ne]', '+1*H2VIBR_OR_2.3v2*[ne]', '-1*H2VIBR_OR_2.2l1*[ne]', '-1*H2VIBR_OR_2.2l4*[ne]', '-1*H2VIBR_2.2q6*[ni]', '-1*H2VIBR_2.2l4*[ne]']



======== H2(n=X1,v=3) ========
H2(n=X1,v=3) DEPLETION:
                 ['+1*H2VIBR_OR_2.2v3*[ne]', '-1*H2VIBR_OR_2.3v2*[ne]', '-1*H2VIBR_OR_2.3v4*[ne]', '+1*H2VIBR_OR_2.4v3*[ne]', '-1*H2VIBR_OR_2.3l1*[ne]', '-1*H2VIBR_OR_2.3l4*[ne]', '-1*H2VIBR_2.3q6*[ni]', '-1*H2VIBR_2.3l4*[ne]']



======== H2(n=X1,v=4) ========
H2(n=X1,v=4) DEPLETION:
                 ['+1*H2VIBR_OR_2.3v4*[ne]', '-1*H2VIBR_OR_2.4v3*[ne]', '-1*H2VIBR_OR_2.4v5*[ne]', '+1*H2VIBR_OR_2.5v4*[ne]', '-1*H2VIBR_OR_2.4l1*[ne]', '-1*H2VIBR_OR_2.4l4*[ne]', '-1*H2VIBR_2.4q6*[ni]', '-1*H2VIBR_2.4l4*[ne]']



======== H2(n=X1,v=5) ========
H2(n=X1,v=5) DEPLETION:
                 ['+1*H2VIBR_OR_2.4v5*[ne]', '-1*H2VIBR_OR_2.5v4*[ne]', '-1*H2VIBR_OR_2.5v6*[ne]', '+1*H2VIBR_OR_2.6v5*[ne]', '-1*H2VIBR_OR_2.5l1*[ne]', '-1*H2VIBR_OR_2.5l4*[ne]', '-1*H2VIBR_2.5q6*[ni]', '-1*H2VIBR_2.5l4*[ne]']



======== H2(n=X1,v=6) ========
H2(n=X1,v=6) DEPLETION:
                 ['+1*H2VIBR_OR_2.5v6*[ne]', '-1*H2VIBR_OR_2.6v5*[ne]', '-1*H2VIBR_OR_2.6v7*[ne]', '+1*H2VIBR_OR_2.7v6*[ne]', '-1*H2VIBR_OR_2.6l1*[ne]', '-1*H2VIBR_OR_2.6l4*[ne]', '-1*H2VIBR_2.6q6*[ni]', '-1*H2VIBR_2.6l4*[ne]']



======== H2(n=X1,v=7) ========
H2(n=X1,v=7) DEPLETION:
                 ['+1*H2VIBR_OR_2.6v7*[ne]', '-1*H2VIBR_OR_2.7v6*[ne]', '-1*H2VIBR_OR_2.7v8*[ne]', '+1*H2VIBR_OR_2.8v7*[ne]', '-1*H2VIBR_OR_2.7l1*[ne]', '-1*H2VIBR_OR_2.7l4*[ne]', '-1*H2VIBR_2.7q6*[ni]', '-1*H2VIBR_2.7l4*[ne]']



======== H2(n=X1,v=8) ========
H2(n=X1,v=8) DEPLETION:
                 ['+1*H2VIBR_OR_2.7v8*[ne]', '-1*H2VIBR_OR_2.8v7*[ne]', '-1*H2VIBR_OR_2.8v9*[ne]', '+1*H2VIBR_OR_2.9v8*[ne]', '-1*H2VIBR_OR_2.8l1*[ne]', '-1*H2VIBR_OR_2.8l4*[ne]', '-1*H2VIBR_2.8q6*[ni]', '-1*H2VIBR_2.8l4*[ne]']



======== H2(n=X1,v=9) ========
H2(n=X1,v=9) DEPLETION:
                 ['+1*H2VIBR_OR_2.8v9*[ne]', '-1*H2VIBR_OR_2.9v8*[ne]', '-1*H2VIBR_OR_2.9v10*[ne]', '+1*H2VIBR_OR_2.10v9*[ne]', '-1*H2VIBR_OR_2.9l1*[ne]', '-1*H2VIBR_OR_2.9l4*[ne]', '-1*H2VIBR_2.9q6*[ni]', '-1*H2VIBR_2.9l4*[ne]']



======== H2(n=X1,v=10) ========
H2(n=X1,v=10) DEPLETION:
                 ['+1*H2VIBR_OR_2.9v10*[ne]', '-1*H2VIBR_OR_2.10v9*[ne]', '-1*H2VIBR_OR_2.10v11*[ne]', '+1*H2VIBR_OR_2.11v10*[ne]', '-1*H2VIBR_OR_2.10l1*[ne]', '-1*H2VIBR_OR_2.10l4*[ne]', '-1*H2VIBR_2.10q6*[ni]', '-1*H2VIBR_2.10l4*[ne]']



======== H2(n=X1,v=11) ========
H2(n=X1,v=11) DEPLETION:
                 ['+1*H2VIBR_OR_2.10v11*[ne]', '-1*H2VIBR_OR_2.11v10*[ne]', '-1*H2VIBR_OR_2.11v12*[ne]', '+1*H2VIBR_OR_2.12v11*[ne]', '-1*H2VIBR_OR_2.11l1*[ne]', '-1*H2VIBR_OR_2.11l4*[ne]', '-1*H2VIBR_2.11q6*[ni]', '-1*H2VIBR_2.11l4*[ne]']



======== H2(n=X1,v=12) ========
H2(n=X1,v=12) DEPLETION:
                 ['+1*H2VIBR_OR_2.11v12*[ne]', '-1*H2VIBR_OR_2.12v11*[ne]', '-1*H2VIBR_OR_2.12v13*[ne]', '+1*H2VIBR_OR_2.13v12*[ne]', '-1*H2VIBR_OR_2.12l1*[ne]', '-1*H2VIBR_OR_2.12l4*[ne]', '-1*H2VIBR_2.12q6*[ni]', '-1*H2VIBR_2.12l4*[ne]']



======== H2(n=X1,v=13) ========
H2(n=X1,v=13) DEPLETION:
                 ['+1*H2VIBR_OR_2.12v13*[ne]', '-1*H2VIBR_OR_2.13v12*[ne]', '-1*H2VIBR_OR_2.13v14*[ne]', '+1*H2VIBR_OR_2.14v13*[ne]', '-1*H2VIBR_OR_2.13l1*[ne]', '-1*H2VIBR_OR_2.13l4*[ne]', '-1*H2VIBR_2.13q6*[ni]', '-1*H2VIBR_2.13l4*[ne]']



======== H2(n=X1,v=14) ========
H2(n=X1,v=14) DEPLETION:
                 ['+1*H2VIBR_OR_2.13v14*[ne]', '-1*H2VIBR_OR_2.14v13*[ne]', '-1*H2VIBR_OR_2.14l1*[ne]', '-1*H2VIBR_OR_2.14l4*[ne]', '-1*H2VIBR_2.14q6*[ni]', '-1*H2VIBR_2.14l4*[ne]']



======== H2+ ========
H2+ DEPLETION:
                 ['+1*H2VIBR_OR_2.1l4*[ne]', '+1*H2VIBR_OR_2.2l4*[ne]', '+1*H2VIBR_OR_2.3l4*[ne]', '+1*H2VIBR_OR_2.4l4*[ne]', '+1*H2VIBR_OR_2.5l4*[ne]', '+1*H2VIBR_OR_2.6l4*[ne]', '+1*H2VIBR_OR_2.7l4*[ne]', '+1*H2VIBR_OR_2.8l4*[ne]', '+1*H2VIBR_OR_2.9l4*[ne]', '+1*H2VIBR_OR_2.10l4*[ne]', '+1*H2VIBR_OR_2.11l4*[ne]', '+1*H2VIBR_OR_2.12l4*[ne]', '+1*H2VIBR_OR_2.13l4*[ne]', '+1*H2VIBR_OR_2.14l4*[ne]', '+1*H2VIBR_2.1q6*[ni]', '+1*H2VIBR_2.2q6*[ni]', '+1*H2VIBR_2.3q6*[ni]', '+1*H2VIBR_2.4q6*[ni]', '+1*H2VIBR_2.5q6*[ni]', '+1*H2VIBR_2.6q6*[ni]', '+1*H2VIBR_2.7q6*[ni]', '+1*H2VIBR_2.8q6*[ni]', '+1*H2VIBR_2.9q6*[ni]', '+1*H2VIBR_2.10q6*[ni]', '+1*H2VIBR_2.11q6*[ni]', '+1*H2VIBR_2.12q6*[ni]', '+1*H2VIBR_2.13q6*[ni]', '+1*H2VIBR_2.14q6*[ni]']
H2+ EXTERNAL SOURCE:
                 ['+1*H2VIBR_OR_2.0l4*[ne]', '+1*H2VIBR_2.0q6*[ni]']



======== H- ========
H- DEPLETION:
                 ['+1*H2VIBR_2.1l4*[ne]', '+1*H2VIBR_2.2l4*[ne]', '+1*H2VIBR_2.3l4*[ne]', '+1*H2VIBR_2.4l4*[ne]', '+1*H2VIBR_2.5l4*[ne]', '+1*H2VIBR_2.6l4*[ne]', '+1*H2VIBR_2.7l4*[ne]', '+1*H2VIBR_2.8l4*[ne]', '+1*H2VIBR_2.9l4*[ne]', '+1*H2VIBR_2.10l4*[ne]', '+1*H2VIBR_2.11l4*[ne]', '+1*H2VIBR_2.12l4*[ne]', '+1*H2VIBR_2.13l4*[ne]', '+1*H2VIBR_2.14l4*[ne]']
H- EXTERNAL SOURCE:
                 ['+1*H2VIBR_2.0l4*[ne]']
